0 info it worked if it ends with ok
1 verbose cli [ '/Users/avatsaev/.nvm/versions/node/v6.3.1/bin/node',
1 verbose cli   '/Users/avatsaev/.nvm/versions/node/v6.3.1/bin/npm',
1 verbose cli   'start' ]
2 info using npm@3.10.3
3 info using node@v6.3.1
4 verbose run-script [ 'prestart', 'start', 'poststart' ]
5 info lifecycle kawachat-backend-aws@1.0.0~prestart: kawachat-backend-aws@1.0.0
6 silly lifecycle kawachat-backend-aws@1.0.0~prestart: no script for prestart, continuing
7 info lifecycle kawachat-backend-aws@1.0.0~start: kawachat-backend-aws@1.0.0
8 verbose lifecycle kawachat-backend-aws@1.0.0~start: unsafe-perm in lifecycle true
9 verbose lifecycle kawachat-backend-aws@1.0.0~start: PATH: /Users/avatsaev/.nvm/versions/node/v6.3.1/lib/node_modules/npm/bin/node-gyp-bin:/Users/avatsaev/DEV/Node/kawachat-backend-aws/node_modules/.bin:/Users/avatsaev/.nvm/versions/node/v6.3.1/bin:/Users/avatsaev/.rvm/gems/ruby-2.3.0/bin:/Users/avatsaev/.rvm/gems/ruby-2.3.0@global/bin:/Users/avatsaev/.rvm/rubies/ruby-2.3.0/bin:/Users/avatsaev/.nvm/versions/node/v6.3.1/bin:/usr/local/heroku/bin:/usr/local/bin:/usr/local/bin:/usr/bin:/bin:/usr/sbin:/sbin:/Users/avatsaev/.rvm/gems/ruby-2.3.0/bin:/Users/avatsaev/.rvm/gems/ruby-2.3.0@global/bin:/Users/avatsaev/.rvm/rubies/ruby-2.3.0/bin:/Users/avatsaev/.rvm/bin:/Users/avatsaev/.rvm/bin
10 verbose lifecycle kawachat-backend-aws@1.0.0~start: CWD: /Users/avatsaev/DEV/Node/kawachat-backend-aws
11 silly lifecycle kawachat-backend-aws@1.0.0~start: Args: [ '-c', 'node app.js' ]
12 silly lifecycle kawachat-backend-aws@1.0.0~start: Returned: code: 1  signal: null
13 info lifecycle kawachat-backend-aws@1.0.0~start: Failed to exec start script
14 verbose stack Error: kawachat-backend-aws@1.0.0 start: `node app.js`
14 verbose stack Exit status 1
14 verbose stack     at EventEmitter.<anonymous> (/Users/avatsaev/.nvm/versions/node/v6.3.1/lib/node_modules/npm/lib/utils/lifecycle.js:242:16)
14 verbose stack     at emitTwo (events.js:106:13)
14 verbose stack     at EventEmitter.emit (events.js:191:7)
14 verbose stack     at ChildProcess.<anonymous> (/Users/avatsaev/.nvm/versions/node/v6.3.1/lib/node_modules/npm/lib/utils/spawn.js:40:14)
14 verbose stack     at emitTwo (events.js:106:13)
14 verbose stack     at ChildProcess.emit (events.js:191:7)
14 verbose stack     at maybeClose (internal/child_process.js:852:16)
14 verbose stack     at Process.ChildProcess._handle.onexit (internal/child_process.js:215:5)
15 verbose pkgid kawachat-backend-aws@1.0.0
16 verbose cwd /Users/avatsaev/DEV/Node/kawachat-backend-aws
17 error Darwin 15.6.0
18 error argv "/Users/avatsaev/.nvm/versions/node/v6.3.1/bin/node" "/Users/avatsaev/.nvm/versions/node/v6.3.1/bin/npm" "start"
19 error node v6.3.1
20 error npm  v3.10.3
21 error code ELIFECYCLE
22 error kawachat-backend-aws@1.0.0 start: `node app.js`
22 error Exit status 1
23 error Failed at the kawachat-backend-aws@1.0.0 start script 'node app.js'.
23 error Make sure you have the latest version of node.js and npm installed.
23 error If you do, this is most likely a problem with the kawachat-backend-aws package,
23 error not with npm itself.
23 error Tell the author that this fails on your system:
23 error     node app.js
23 error You can get information on how to open an issue for this project with:
23 error     npm bugs kawachat-backend-aws
23 error Or if that isn't available, you can get their info via:
23 error     npm owner ls kawachat-backend-aws
23 error There is likely additional logging output above.
24 verbose exit [ 1, true ]
